<?xml version="1.0" encoding="utf-8"?><testsuites><testsuite name="pytest" errors="0" failures="0" skipped="0" tests="3" time="37.244" timestamp="2024-08-13T03:51:45.451947+05:30" hostname="DESKTOP-E9RDBSU"><testcase classname="test_End2End.Test_HomeSubmit" name="test_HomePageSubmission[getData0]" time="10.252" /><testcase classname="test_End2End.Test_HomeSubmit" name="test_HomePageSubmission[getData1]" time="6.691" /><testcase classname="test_End2End.TestOne" name="test_End2End" time="20.176" /></testsuite></testsuites>